<?xml version="1.0" encoding="UTF-8"?>
<!-- Generated by org.testng.reporters.JUnitReportReporter -->
<testsuite hostname="DESKTOP-QQJINFP" failures="0" tests="1" name="Edit.EducacionIT_61770.AccesoABaseDeDatos" time="0.454" errors="0" timestamp="2023-04-20T08:40:26 ART" skipped="0">
  <testcase classname="Edit.EducacionIT_61770.AccesoABaseDeDatos" name="testBaseDeDatos" time="0.454"/>
  <system-out/>
</testsuite> <!-- Edit.EducacionIT_61770.AccesoABaseDeDatos -->
