<?xml version="1.0" encoding="UTF-8"?>
<!-- Generated by org.testng.reporters.JUnitReportReporter -->
<testsuite hostname="DESKTOP-QQJINFP" failures="0" tests="1" name="Edit.EducacionIT_61770.AppTest" time="0.001" errors="0" timestamp="2023-04-20T09:22:49 ART" skipped="0">
  <testcase classname="Edit.EducacionIT_61770.AppTest" name="imprimirMensaje" time="0.001"/>
  <system-out/>
</testsuite> <!-- Edit.EducacionIT_61770.AppTest -->
