<?xml version="1.0" encoding="UTF-8"?>
<!-- Generated by org.testng.reporters.JUnitReportReporter -->
<testsuite hostname="DESKTOP-QQJINFP" failures="0" tests="4" name="pruebas.Clase8Test" time="5.609" errors="0" timestamp="2023-04-20T09:22:49 ART" skipped="0">
  <testcase classname="pruebas.Clase8Test" name="alertaNotificacion" time="0.064"/>
  <system-out/>
  <testcase classname="pruebas.Clase8Test" name="alertaPrompt" time="0.069"/>
  <system-out/>
  <testcase classname="pruebas.Clase8Test" name="alertaConDemora" time="5.409"/>
  <system-out/>
  <testcase classname="pruebas.Clase8Test" name="alertaConfirmacion" time="0.067"/>
  <system-out/>
</testsuite> <!-- pruebas.Clase8Test -->
